<?xml version="1.0" encoding="UTF-8"?>
<testng-results ignored="0" total="1" passed="1" failed="0" skipped="0">
  <reporter-output>
  </reporter-output>
  <suite started-at="2023-11-11T16:54:44 IST" name="Suite" finished-at="2023-11-11T16:55:08 IST" duration-ms="24204">
    <groups>
    </groups>
    <test started-at="2023-11-11T16:54:44 IST" name="Test" finished-at="2023-11-11T16:55:08 IST" duration-ms="24204">
      <class name="TestCases.TC_01_LoginTest">
        <test-method is-config="true" signature="setUp()[pri:0, instance:TestCases.TC_01_LoginTest@2794eab6]" started-at="2023-11-11T16:54:44 IST" name="setUp" finished-at="2023-11-11T16:54:51 IST" duration-ms="7627" status="PASS">
          <reporter-output>
          </reporter-output>
        </test-method> <!-- setUp -->
        <test-method signature="loginTest()[pri:0, instance:TestCases.TC_01_LoginTest@2794eab6]" started-at="2023-11-11T16:54:51 IST" name="loginTest" finished-at="2023-11-11T16:55:07 IST" duration-ms="15718" status="PASS">
          <reporter-output>
          </reporter-output>
        </test-method> <!-- loginTest -->
        <test-method is-config="true" signature="tearUp()[pri:0, instance:TestCases.TC_01_LoginTest@2794eab6]" started-at="2023-11-11T16:55:07 IST" name="tearUp" finished-at="2023-11-11T16:55:08 IST" duration-ms="633" status="PASS">
          <reporter-output>
          </reporter-output>
        </test-method> <!-- tearUp -->
      </class> <!-- TestCases.TC_01_LoginTest -->
    </test> <!-- Test -->
  </suite> <!-- Suite -->
</testng-results>
